<?xml version="1.0" encoding="UTF-8"?>
<!-- Generated by org.testng.reporters.JUnitReportReporter -->
<testsuite hostname="LAPTOP-669LVGAV" failures="0" tests="4" name="Test.Searchtest" time="181.277" errors="0" timestamp="2023-08-10T10:34:18 IST" skipped="0">
  <testcase classname="Test.Searchtest" name="test1" time="24.783"/>
  <system-out/>
  <testcase classname="Test.Searchtest" name="test2" time="95.147"/>
  <system-out/>
  <testcase classname="Test.Searchtest" name="test3" time="23.938"/>
  <system-out/>
  <testcase classname="Test.Searchtest" name="test4" time="37.409"/>
  <system-out/>
</testsuite> <!-- Test.Searchtest -->
