<?xml version="1.0" encoding="UTF-8"?>
<!-- Generated by org.testng.reporters.JUnitReportReporter -->
<testsuite hostname="LAPTOP-669LVGAV" failures="0" tests="1" name="Test.Hometest" time="21.971" errors="0" timestamp="2023-07-28T10:36:15 IST" skipped="0">
  <testcase classname="Test.Hometest" name="test1" time="21.971"/>
  <system-out/>
</testsuite> <!-- Test.Hometest -->
