<?xml version="1.0" encoding="UTF-8"?>
<!-- Generated by org.testng.reporters.JUnitReportReporter -->
<testsuite hostname="LAPTOP-669LVGAV" failures="0" tests="1" name="Test.Quit" time="0.271" errors="0" timestamp="2023-07-28T10:06:10 IST" skipped="0">
  <testcase classname="Test.Quit" name="testing" time="0.271"/>
  <system-out/>
</testsuite> <!-- Test.Quit -->
